backend/src/database/prisma.service.spec.ts(43,58): error TS7006: Parameter 'cb' implicitly has an 'any' type.
backend/src/database/prisma.service.ts(95,9): error TS2322: Type 'any[]' is not assignable to type 'T'.
  'T' could be instantiated with an arbitrary type which could be unrelated to 'any[]'.
backend/src/database/prisma.service.ts(95,40): error TS2769: No overload matches this call.
  Overload 1 of 2, '(arg: PrismaPromise<any>[], options?: { isolationLevel?: TransactionIsolationLevel | undefined; } | undefined): Promise<any[]>', gave the following error.
    Argument of type '(tx: PrismaClient<PrismaClientOptions, never, DefaultArgs>) => Promise<T>' is not assignable to parameter of type 'PrismaPromise<any>[]'.
  Overload 2 of 2, '(fn: (prisma: Omit<PrismaClient<PrismaClientOptions, never, DefaultArgs>, "$connect" | "$disconnect" | "$on" | "$transaction" | "$extends">) => Promise<...>, options?: { ...; } | undefined): Promise<...>', gave the following error.
    Argument of type '(tx: PrismaClient<PrismaClientOptions, never, DefaultArgs>) => Promise<T>' is not assignable to parameter of type '(prisma: Omit<PrismaClient<PrismaClientOptions, never, DefaultArgs>, "$connect" | "$disconnect" | "$on" | "$transaction" | "$extends">) => Promise<...>'.
      Types of parameters 'tx' and 'prisma' are incompatible.
        Type 'Omit<PrismaClient<PrismaClientOptions, never, DefaultArgs>, "$connect" | "$disconnect" | "$on" | "$transaction" | "$extends">' is missing the following properties from type 'PrismaClient<PrismaClientOptions, never, DefaultArgs>': $on, $connect, $disconnect, $transaction, $extends
backend/src/modules/analytics/analytics.service.ts(226,9): error TS2322: Type 'string | undefined' is not assignable to type 'string'.
  Type 'undefined' is not assignable to type 'string'.
backend/src/modules/auth/auth.controller.ts(92,41): error TS1272: A type referenced in a decorated signature must be imported with 'import type' or a namespace import when 'isolatedModules' and 'emitDecoratorMetadata' are enabled.
backend/src/modules/budgets/budgets.controller.spec.ts(152,51): error TS2353: Object literal may only specify known properties, and 'recommendations' does not exist in type 'Promise<void>'.
backend/src/modules/budgets/budgets.controller.spec.ts(154,60): error TS2345: Argument of type '{ targetSavings: number; }' is not assignable to parameter of type 'OptimizeBudgetDto'.
  Property 'totalIncome' is missing in type '{ targetSavings: number; }' but required in type 'OptimizeBudgetDto'.
backend/src/modules/budgets/budgets.controller.spec.ts(171,54): error TS2353: Object literal may only specify known properties, and 'id' does not exist in type 'Promise<void>'.
backend/src/modules/budgets/budgets.controller.spec.ts(173,64): error TS2345: Argument of type '{ category: string; amount: number; startDate: Date; endDate: Date; sharedWith: string[]; }' is not assignable to parameter of type 'CreateSharedBudgetDto'.
  Property 'name' is missing in type '{ category: string; amount: number; startDate: Date; endDate: Date; sharedWith: string[]; }' but required in type 'CreateSharedBudgetDto'.
backend/src/modules/budgets/budgets.service.spec.ts(67,43): error TS2345: Argument of type '{ id: string; userId: string; category: string; amount: Decimal; spent: Decimal; startDate: Date; endDate: Date; rollover: boolean; alertThreshold: number; createdAt: Date; updatedAt: Date; }' is not assignable to parameter of type '{ id: string; userId: string; createdAt: Date; updatedAt: Date; amount: Decimal; category: string; spent: Decimal; month: number; year: number; rollover: boolean; alertThreshold: Decimal | null; } | Promise<...>'.
  Type '{ id: string; userId: string; category: string; amount: Decimal; spent: Decimal; startDate: Date; endDate: Date; rollover: boolean; alertThreshold: number; createdAt: Date; updatedAt: Date; }' is missing the following properties from type '{ id: string; userId: string; createdAt: Date; updatedAt: Date; amount: Decimal; category: string; spent: Decimal; month: number; year: number; rollover: boolean; alertThreshold: Decimal | null; }': month, year
backend/src/modules/budgets/budgets.service.spec.ts(129,53): error TS2739: Type '{ id: string; userId: string; category: string; amount: Decimal; spent: Decimal; startDate: Date; endDate: Date; rollover: boolean; alertThreshold: number; createdAt: Date; updatedAt: Date; }' is missing the following properties from type '{ id: string; userId: string; createdAt: Date; updatedAt: Date; amount: Decimal; category: string; spent: Decimal; month: number; year: number; rollover: boolean; alertThreshold: Decimal | null; }': month, year
backend/src/modules/budgets/budgets.service.spec.ts(144,44): error TS2345: Argument of type '{ id: string; userId: string; category: string; amount: Decimal; spent: Decimal; startDate: Date; endDate: Date; rollover: boolean; alertThreshold: number; createdAt: Date; updatedAt: Date; }[]' is not assignable to parameter of type '{ id: string; userId: string; createdAt: Date; updatedAt: Date; amount: Decimal; category: string; spent: Decimal; month: number; year: number; rollover: boolean; alertThreshold: Decimal | null; }[] | Promise<...>'.
  Type '{ id: string; userId: string; category: string; amount: Decimal; spent: Decimal; startDate: Date; endDate: Date; rollover: boolean; alertThreshold: number; createdAt: Date; updatedAt: Date; }[]' is not assignable to type '{ id: string; userId: string; createdAt: Date; updatedAt: Date; amount: Decimal; category: string; spent: Decimal; month: number; year: number; rollover: boolean; alertThreshold: Decimal | null; }[]'.
    Type '{ id: string; userId: string; category: string; amount: Decimal; spent: Decimal; startDate: Date; endDate: Date; rollover: boolean; alertThreshold: number; createdAt: Date; updatedAt: Date; }' is missing the following properties from type '{ id: string; userId: string; createdAt: Date; updatedAt: Date; amount: Decimal; category: string; spent: Decimal; month: number; year: number; rollover: boolean; alertThreshold: Decimal | null; }': month, year
backend/src/modules/budgets/budgets.service.spec.ts(166,45): error TS2345: Argument of type '{ id: string; userId: string; category: string; amount: Decimal; spent: Decimal; startDate: Date; endDate: Date; rollover: boolean; alertThreshold: number; createdAt: Date; updatedAt: Date; }' is not assignable to parameter of type '{ id: string; userId: string; createdAt: Date; updatedAt: Date; amount: Decimal; category: string; spent: Decimal; month: number; year: number; rollover: boolean; alertThreshold: Decimal | null; } | Promise<...> | null'.
  Type '{ id: string; userId: string; category: string; amount: Decimal; spent: Decimal; startDate: Date; endDate: Date; rollover: boolean; alertThreshold: number; createdAt: Date; updatedAt: Date; }' is missing the following properties from type '{ id: string; userId: string; createdAt: Date; updatedAt: Date; amount: Decimal; category: string; spent: Decimal; month: number; year: number; rollover: boolean; alertThreshold: Decimal | null; }': month, year
backend/src/modules/budgets/budgets.service.spec.ts(200,45): error TS2345: Argument of type '{ id: string; userId: string; category: string; amount: Decimal; spent: Decimal; startDate: Date; endDate: Date; rollover: boolean; alertThreshold: number; createdAt: Date; updatedAt: Date; }' is not assignable to parameter of type '{ id: string; userId: string; createdAt: Date; updatedAt: Date; amount: Decimal; category: string; spent: Decimal; month: number; year: number; rollover: boolean; alertThreshold: Decimal | null; } | Promise<...> | null'.
  Type '{ id: string; userId: string; category: string; amount: Decimal; spent: Decimal; startDate: Date; endDate: Date; rollover: boolean; alertThreshold: number; createdAt: Date; updatedAt: Date; }' is missing the following properties from type '{ id: string; userId: string; createdAt: Date; updatedAt: Date; amount: Decimal; category: string; spent: Decimal; month: number; year: number; rollover: boolean; alertThreshold: Decimal | null; }': month, year
backend/src/modules/budgets/budgets.service.spec.ts(201,43): error TS2345: Argument of type '{ amount: Decimal; alertThreshold: number; id: string; userId: string; category: string; spent: Decimal; startDate: Date; endDate: Date; rollover: boolean; createdAt: Date; updatedAt: Date; }' is not assignable to parameter of type '{ id: string; userId: string; createdAt: Date; updatedAt: Date; amount: Decimal; category: string; spent: Decimal; month: number; year: number; rollover: boolean; alertThreshold: Decimal | null; } | Promise<...>'.
  Type '{ amount: Decimal; alertThreshold: number; id: string; userId: string; category: string; spent: Decimal; startDate: Date; endDate: Date; rollover: boolean; createdAt: Date; updatedAt: Date; }' is missing the following properties from type '{ id: string; userId: string; createdAt: Date; updatedAt: Date; amount: Decimal; category: string; spent: Decimal; month: number; year: number; rollover: boolean; alertThreshold: Decimal | null; }': month, year
backend/src/modules/budgets/budgets.service.spec.ts(222,45): error TS2345: Argument of type '{ id: string; userId: string; category: string; amount: Decimal; spent: Decimal; startDate: Date; endDate: Date; rollover: boolean; alertThreshold: number; createdAt: Date; updatedAt: Date; }' is not assignable to parameter of type '{ id: string; userId: string; createdAt: Date; updatedAt: Date; amount: Decimal; category: string; spent: Decimal; month: number; year: number; rollover: boolean; alertThreshold: Decimal | null; } | Promise<...> | null'.
  Type '{ id: string; userId: string; category: string; amount: Decimal; spent: Decimal; startDate: Date; endDate: Date; rollover: boolean; alertThreshold: number; createdAt: Date; updatedAt: Date; }' is missing the following properties from type '{ id: string; userId: string; createdAt: Date; updatedAt: Date; amount: Decimal; category: string; spent: Decimal; month: number; year: number; rollover: boolean; alertThreshold: Decimal | null; }': month, year
backend/src/modules/budgets/budgets.service.spec.ts(223,43): error TS2345: Argument of type 'undefined' is not assignable to parameter of type '{ id: string; userId: string; createdAt: Date; updatedAt: Date; amount: Decimal; category: string; spent: Decimal; month: number; year: number; rollover: boolean; alertThreshold: Decimal | null; } | Promise<...>'.
backend/src/modules/budgets/budgets.service.spec.ts(254,44): error TS2345: Argument of type '{ id: string; userId: string; category: string; amount: Decimal; spent: Decimal; startDate: Date; endDate: Date; rollover: boolean; alertThreshold: number; createdAt: Date; updatedAt: Date; }[]' is not assignable to parameter of type '{ id: string; userId: string; createdAt: Date; updatedAt: Date; amount: Decimal; category: string; spent: Decimal; month: number; year: number; rollover: boolean; alertThreshold: Decimal | null; }[] | Promise<...>'.
  Type '{ id: string; userId: string; category: string; amount: Decimal; spent: Decimal; startDate: Date; endDate: Date; rollover: boolean; alertThreshold: number; createdAt: Date; updatedAt: Date; }[]' is not assignable to type '{ id: string; userId: string; createdAt: Date; updatedAt: Date; amount: Decimal; category: string; spent: Decimal; month: number; year: number; rollover: boolean; alertThreshold: Decimal | null; }[]'.
    Type '{ id: string; userId: string; category: string; amount: Decimal; spent: Decimal; startDate: Date; endDate: Date; rollover: boolean; alertThreshold: number; createdAt: Date; updatedAt: Date; }' is missing the following properties from type '{ id: string; userId: string; createdAt: Date; updatedAt: Date; amount: Decimal; category: string; spent: Decimal; month: number; year: number; rollover: boolean; alertThreshold: Decimal | null; }': month, year
backend/src/modules/budgets/budgets.service.spec.ts(278,45): error TS2739: Type '{ id: string; userId: string; category: string; amount: Decimal; spent: Decimal; startDate: Date; endDate: Date; rollover: boolean; alertThreshold: number; createdAt: Date; updatedAt: Date; }' is missing the following properties from type '{ id: string; userId: string; createdAt: Date; updatedAt: Date; amount: Decimal; category: string; spent: Decimal; month: number; year: number; rollover: boolean; alertThreshold: Decimal | null; }': month, year
backend/src/modules/budgets/budgets.service.spec.ts(298,45): error TS2739: Type '{ spent: Decimal; id: string; userId: string; category: string; amount: Decimal; startDate: Date; endDate: Date; rollover: boolean; alertThreshold: number; createdAt: Date; updatedAt: Date; }' is missing the following properties from type '{ id: string; userId: string; createdAt: Date; updatedAt: Date; amount: Decimal; category: string; spent: Decimal; month: number; year: number; rollover: boolean; alertThreshold: Decimal | null; }': month, year
backend/src/modules/budgets/budgets.service.spec.ts(302,14): error TS2532: Object is possibly 'undefined'.
backend/src/modules/budgets/budgets.service.spec.ts(303,14): error TS2532: Object is possibly 'undefined'.
backend/src/modules/budgets/budgets.service.spec.ts(326,60): error TS2739: Type '{ rollover: boolean; spent: Decimal; id: string; userId: string; category: string; amount: Decimal; startDate: Date; endDate: Date; alertThreshold: number; createdAt: Date; updatedAt: Date; }' is missing the following properties from type '{ id: string; userId: string; createdAt: Date; updatedAt: Date; amount: Decimal; category: string; spent: Decimal; month: number; year: number; rollover: boolean; alertThreshold: Decimal | null; }': month, year
backend/src/modules/budgets/budgets.service.spec.ts(327,43): error TS2345: Argument of type '{ rollover: boolean; spent: Decimal; id: string; userId: string; category: string; amount: Decimal; startDate: Date; endDate: Date; alertThreshold: number; createdAt: Date; updatedAt: Date; }' is not assignable to parameter of type '{ id: string; userId: string; createdAt: Date; updatedAt: Date; amount: Decimal; category: string; spent: Decimal; month: number; year: number; rollover: boolean; alertThreshold: Decimal | null; } | Promise<...>'.
  Type '{ rollover: boolean; spent: Decimal; id: string; userId: string; category: string; amount: Decimal; startDate: Date; endDate: Date; alertThreshold: number; createdAt: Date; updatedAt: Date; }' is missing the following properties from type '{ id: string; userId: string; createdAt: Date; updatedAt: Date; amount: Decimal; category: string; spent: Decimal; month: number; year: number; rollover: boolean; alertThreshold: Decimal | null; }': month, year
backend/src/modules/budgets/budgets.service.spec.ts(351,60): error TS2739: Type '{ rollover: boolean; spent: Decimal; id: string; userId: string; category: string; amount: Decimal; startDate: Date; endDate: Date; alertThreshold: number; createdAt: Date; updatedAt: Date; }' is missing the following properties from type '{ id: string; userId: string; createdAt: Date; updatedAt: Date; amount: Decimal; category: string; spent: Decimal; month: number; year: number; rollover: boolean; alertThreshold: Decimal | null; }': month, year
backend/src/modules/budgets/budgets.service.spec.ts(365,60): error TS2739: Type '{ rollover: boolean; id: string; userId: string; category: string; amount: Decimal; spent: Decimal; startDate: Date; endDate: Date; alertThreshold: number; createdAt: Date; updatedAt: Date; }' is missing the following properties from type '{ id: string; userId: string; createdAt: Date; updatedAt: Date; amount: Decimal; category: string; spent: Decimal; month: number; year: number; rollover: boolean; alertThreshold: Decimal | null; }': month, year
backend/src/modules/budgets/budgets.service.spec.ts(376,47): error TS2353: Object literal may only specify known properties, and 'targetSavings' does not exist in type 'OptimizeBudgetDto'.
backend/src/modules/budgets/budgets.service.spec.ts(384,48): error TS2345: Argument of type '{ category: string; amount: number; startDate: Date; endDate: Date; sharedWith: string[]; }' is not assignable to parameter of type 'CreateSharedBudgetDto'.
  Property 'name' is missing in type '{ category: string; amount: number; startDate: Date; endDate: Date; sharedWith: string[]; }' but required in type 'CreateSharedBudgetDto'.
backend/src/modules/goals/goals.controller.spec.ts(66,40): error TS2345: Argument of type '{ id: string; userId: string; name: string; description: string; targetAmount: number; currentAmount: number; progress: number; remaining: number; targetDate: Date; category: string; priority: string; isCompleted: boolean; projectedCompletion: Date; createdAt: Date; updatedAt: Date; }' is not assignable to parameter of type '{ name: string; status: GoalStatus; id: string; priority: number; userId: string; createdAt: Date; updatedAt: Date; category: string; description: string | null; targetAmount: Decimal; currentAmount: Decimal; targetDate: Date | null; reminderEnabled: boolean; completedAt: Date | null; } | Promise<...>'.
  Type '{ id: string; userId: string; name: string; description: string; targetAmount: number; currentAmount: number; progress: number; remaining: number; targetDate: Date; category: string; priority: string; isCompleted: boolean; projectedCompletion: Date; createdAt: Date; updatedAt: Date; }' is missing the following properties from type '{ name: string; status: GoalStatus; id: string; priority: number; userId: string; createdAt: Date; updatedAt: Date; category: string; description: string | null; targetAmount: Decimal; currentAmount: Decimal; targetDate: Date | null; reminderEnabled: boolean; completedAt: Date | null; }': status, reminderEnabled, completedAt
backend/src/modules/goals/goals.service.spec.ts(65,43): error TS2345: Argument of type '{ id: string; userId: string; name: string; description: string; targetAmount: Decimal; currentAmount: Decimal; targetDate: Date; category: string; priority: string; createdAt: Date; updatedAt: Date; }' is not assignable to parameter of type '{ name: string; status: GoalStatus; id: string; priority: number; userId: string; createdAt: Date; updatedAt: Date; category: string; description: string | null; targetAmount: Decimal; currentAmount: Decimal; targetDate: Date | null; reminderEnabled: boolean; completedAt: Date | null; } | Promise<...>'.
  Type '{ id: string; userId: string; name: string; description: string; targetAmount: Decimal; currentAmount: Decimal; targetDate: Date; category: string; priority: string; createdAt: Date; updatedAt: Date; }' is missing the following properties from type '{ name: string; status: GoalStatus; id: string; priority: number; userId: string; createdAt: Date; updatedAt: Date; category: string; description: string | null; targetAmount: Decimal; currentAmount: Decimal; targetDate: Date | null; reminderEnabled: boolean; completedAt: Date | null; }': status, reminderEnabled, completedAt
backend/src/modules/goals/goals.service.spec.ts(94,43): error TS2345: Argument of type '{ currentAmount: Decimal; targetAmount: Decimal; id: string; userId: string; name: string; description: string; targetDate: Date; category: string; priority: string; createdAt: Date; updatedAt: Date; }' is not assignable to parameter of type '{ name: string; status: GoalStatus; id: string; priority: number; userId: string; createdAt: Date; updatedAt: Date; category: string; description: string | null; targetAmount: Decimal; currentAmount: Decimal; targetDate: Date | null; reminderEnabled: boolean; completedAt: Date | null; } | Promise<...>'.
  Type '{ currentAmount: Decimal; targetAmount: Decimal; id: string; userId: string; name: string; description: string; targetDate: Date; category: string; priority: string; createdAt: Date; updatedAt: Date; }' is missing the following properties from type '{ name: string; status: GoalStatus; id: string; priority: number; userId: string; createdAt: Date; updatedAt: Date; category: string; description: string | null; targetAmount: Decimal; currentAmount: Decimal; targetDate: Date | null; reminderEnabled: boolean; completedAt: Date | null; }': status, reminderEnabled, completedAt
backend/src/modules/goals/goals.service.spec.ts(110,44): error TS2345: Argument of type '{ id: string; userId: string; name: string; description: string; targetAmount: Decimal; currentAmount: Decimal; targetDate: Date; category: string; priority: string; createdAt: Date; updatedAt: Date; }[]' is not assignable to parameter of type '{ name: string; status: GoalStatus; id: string; priority: number; userId: string; createdAt: Date; updatedAt: Date; category: string; description: string | null; targetAmount: Decimal; currentAmount: Decimal; targetDate: Date | null; reminderEnabled: boolean; completedAt: Date | null; }[] | Promise<...>'.
  Type '{ id: string; userId: string; name: string; description: string; targetAmount: Decimal; currentAmount: Decimal; targetDate: Date; category: string; priority: string; createdAt: Date; updatedAt: Date; }[]' is not assignable to type '{ name: string; status: GoalStatus; id: string; priority: number; userId: string; createdAt: Date; updatedAt: Date; category: string; description: string | null; targetAmount: Decimal; currentAmount: Decimal; targetDate: Date | null; reminderEnabled: boolean; completedAt: Date | null; }[]'.
    Type '{ id: string; userId: string; name: string; description: string; targetAmount: Decimal; currentAmount: Decimal; targetDate: Date; category: string; priority: string; createdAt: Date; updatedAt: Date; }' is missing the following properties from type '{ name: string; status: GoalStatus; id: string; priority: number; userId: string; createdAt: Date; updatedAt: Date; category: string; description: string | null; targetAmount: Decimal; currentAmount: Decimal; targetDate: Date | null; reminderEnabled: boolean; completedAt: Date | null; }': status, reminderEnabled, completedAt
backend/src/modules/goals/goals.service.spec.ts(141,45): error TS2739: Type '{ currentAmount: Decimal; id: string; userId: string; name: string; description: string; targetAmount: Decimal; targetDate: Date; category: string; priority: string; createdAt: Date; updatedAt: Date; }' is missing the following properties from type '{ name: string; status: GoalStatus; id: string; priority: number; userId: string; createdAt: Date; updatedAt: Date; category: string; description: string | null; targetAmount: Decimal; currentAmount: Decimal; targetDate: Date | null; reminderEnabled: boolean; completedAt: Date | null; }': status, reminderEnabled, completedAt
backend/src/modules/goals/goals.service.spec.ts(153,45): error TS2345: Argument of type '{ id: string; userId: string; name: string; description: string; targetAmount: Decimal; currentAmount: Decimal; targetDate: Date; category: string; priority: string; createdAt: Date; updatedAt: Date; }' is not assignable to parameter of type '{ name: string; status: GoalStatus; id: string; priority: number; userId: string; createdAt: Date; updatedAt: Date; category: string; description: string | null; targetAmount: Decimal; currentAmount: Decimal; targetDate: Date | null; reminderEnabled: boolean; completedAt: Date | null; } | Promise<...> | null'.
  Type '{ id: string; userId: string; name: string; description: string; targetAmount: Decimal; currentAmount: Decimal; targetDate: Date; category: string; priority: string; createdAt: Date; updatedAt: Date; }' is missing the following properties from type '{ name: string; status: GoalStatus; id: string; priority: number; userId: string; createdAt: Date; updatedAt: Date; category: string; description: string | null; targetAmount: Decimal; currentAmount: Decimal; targetDate: Date | null; reminderEnabled: boolean; completedAt: Date | null; }': status, reminderEnabled, completedAt
backend/src/modules/goals/goals.service.spec.ts(188,45): error TS2345: Argument of type '{ id: string; userId: string; name: string; description: string; targetAmount: Decimal; currentAmount: Decimal; targetDate: Date; category: string; priority: string; createdAt: Date; updatedAt: Date; }' is not assignable to parameter of type '{ name: string; status: GoalStatus; id: string; priority: number; userId: string; createdAt: Date; updatedAt: Date; category: string; description: string | null; targetAmount: Decimal; currentAmount: Decimal; targetDate: Date | null; reminderEnabled: boolean; completedAt: Date | null; } | Promise<...> | null'.
  Type '{ id: string; userId: string; name: string; description: string; targetAmount: Decimal; currentAmount: Decimal; targetDate: Date; category: string; priority: string; createdAt: Date; updatedAt: Date; }' is missing the following properties from type '{ name: string; status: GoalStatus; id: string; priority: number; userId: string; createdAt: Date; updatedAt: Date; category: string; description: string | null; targetAmount: Decimal; currentAmount: Decimal; targetDate: Date | null; reminderEnabled: boolean; completedAt: Date | null; }': status, reminderEnabled, completedAt
backend/src/modules/goals/goals.service.spec.ts(189,43): error TS2345: Argument of type '{ name: string; targetAmount: Decimal; id: string; userId: string; description: string; currentAmount: Decimal; targetDate: Date; category: string; priority: string; createdAt: Date; updatedAt: Date; }' is not assignable to parameter of type '{ name: string; status: GoalStatus; id: string; priority: number; userId: string; createdAt: Date; updatedAt: Date; category: string; description: string | null; targetAmount: Decimal; currentAmount: Decimal; targetDate: Date | null; reminderEnabled: boolean; completedAt: Date | null; } | Promise<...>'.
  Type '{ name: string; targetAmount: Decimal; id: string; userId: string; description: string; currentAmount: Decimal; targetDate: Date; category: string; priority: string; createdAt: Date; updatedAt: Date; }' is missing the following properties from type '{ name: string; status: GoalStatus; id: string; priority: number; userId: string; createdAt: Date; updatedAt: Date; category: string; description: string | null; targetAmount: Decimal; currentAmount: Decimal; targetDate: Date | null; reminderEnabled: boolean; completedAt: Date | null; }': status, reminderEnabled, completedAt
backend/src/modules/goals/goals.service.spec.ts(215,45): error TS2345: Argument of type '{ id: string; userId: string; name: string; description: string; targetAmount: Decimal; currentAmount: Decimal; targetDate: Date; category: string; priority: string; createdAt: Date; updatedAt: Date; }' is not assignable to parameter of type '{ name: string; status: GoalStatus; id: string; priority: number; userId: string; createdAt: Date; updatedAt: Date; category: string; description: string | null; targetAmount: Decimal; currentAmount: Decimal; targetDate: Date | null; reminderEnabled: boolean; completedAt: Date | null; } | Promise<...> | null'.
  Type '{ id: string; userId: string; name: string; description: string; targetAmount: Decimal; currentAmount: Decimal; targetDate: Date; category: string; priority: string; createdAt: Date; updatedAt: Date; }' is missing the following properties from type '{ name: string; status: GoalStatus; id: string; priority: number; userId: string; createdAt: Date; updatedAt: Date; category: string; description: string | null; targetAmount: Decimal; currentAmount: Decimal; targetDate: Date | null; reminderEnabled: boolean; completedAt: Date | null; }': status, reminderEnabled, completedAt
backend/src/modules/goals/goals.service.spec.ts(216,43): error TS2345: Argument of type '{ currentAmount: Decimal; id: string; userId: string; name: string; description: string; targetAmount: Decimal; targetDate: Date; category: string; priority: string; createdAt: Date; updatedAt: Date; }' is not assignable to parameter of type '{ name: string; status: GoalStatus; id: string; priority: number; userId: string; createdAt: Date; updatedAt: Date; category: string; description: string | null; targetAmount: Decimal; currentAmount: Decimal; targetDate: Date | null; reminderEnabled: boolean; completedAt: Date | null; } | Promise<...>'.
  Type '{ currentAmount: Decimal; id: string; userId: string; name: string; description: string; targetAmount: Decimal; targetDate: Date; category: string; priority: string; createdAt: Date; updatedAt: Date; }' is missing the following properties from type '{ name: string; status: GoalStatus; id: string; priority: number; userId: string; createdAt: Date; updatedAt: Date; category: string; description: string | null; targetAmount: Decimal; currentAmount: Decimal; targetDate: Date | null; reminderEnabled: boolean; completedAt: Date | null; }': status, reminderEnabled, completedAt
backend/src/modules/goals/goals.service.spec.ts(242,45): error TS2345: Argument of type '{ id: string; userId: string; name: string; description: string; targetAmount: Decimal; currentAmount: Decimal; targetDate: Date; category: string; priority: string; createdAt: Date; updatedAt: Date; }' is not assignable to parameter of type '{ name: string; status: GoalStatus; id: string; priority: number; userId: string; createdAt: Date; updatedAt: Date; category: string; description: string | null; targetAmount: Decimal; currentAmount: Decimal; targetDate: Date | null; reminderEnabled: boolean; completedAt: Date | null; } | Promise<...> | null'.
  Type '{ id: string; userId: string; name: string; description: string; targetAmount: Decimal; currentAmount: Decimal; targetDate: Date; category: string; priority: string; createdAt: Date; updatedAt: Date; }' is missing the following properties from type '{ name: string; status: GoalStatus; id: string; priority: number; userId: string; createdAt: Date; updatedAt: Date; category: string; description: string | null; targetAmount: Decimal; currentAmount: Decimal; targetDate: Date | null; reminderEnabled: boolean; completedAt: Date | null; }': status, reminderEnabled, completedAt
backend/src/modules/goals/goals.service.spec.ts(243,43): error TS2345: Argument of type 'undefined' is not assignable to parameter of type '{ name: string; status: GoalStatus; id: string; priority: number; userId: string; createdAt: Date; updatedAt: Date; category: string; description: string | null; targetAmount: Decimal; currentAmount: Decimal; targetDate: Date | null; reminderEnabled: boolean; completedAt: Date | null; } | Promise<...>'.
backend/src/modules/goals/goals.service.spec.ts(269,45): error TS2345: Argument of type '{ id: string; userId: string; name: string; description: string; targetAmount: Decimal; currentAmount: Decimal; targetDate: Date; category: string; priority: string; createdAt: Date; updatedAt: Date; }' is not assignable to parameter of type '{ name: string; status: GoalStatus; id: string; priority: number; userId: string; createdAt: Date; updatedAt: Date; category: string; description: string | null; targetAmount: Decimal; currentAmount: Decimal; targetDate: Date | null; reminderEnabled: boolean; completedAt: Date | null; } | Promise<...> | null'.
  Type '{ id: string; userId: string; name: string; description: string; targetAmount: Decimal; currentAmount: Decimal; targetDate: Date; category: string; priority: string; createdAt: Date; updatedAt: Date; }' is missing the following properties from type '{ name: string; status: GoalStatus; id: string; priority: number; userId: string; createdAt: Date; updatedAt: Date; category: string; description: string | null; targetAmount: Decimal; currentAmount: Decimal; targetDate: Date | null; reminderEnabled: boolean; completedAt: Date | null; }': status, reminderEnabled, completedAt
backend/src/modules/goals/goals.service.spec.ts(270,43): error TS2345: Argument of type '{ currentAmount: Decimal; id: string; userId: string; name: string; description: string; targetAmount: Decimal; targetDate: Date; category: string; priority: string; createdAt: Date; updatedAt: Date; }' is not assignable to parameter of type '{ name: string; status: GoalStatus; id: string; priority: number; userId: string; createdAt: Date; updatedAt: Date; category: string; description: string | null; targetAmount: Decimal; currentAmount: Decimal; targetDate: Date | null; reminderEnabled: boolean; completedAt: Date | null; } | Promise<...>'.
  Type '{ currentAmount: Decimal; id: string; userId: string; name: string; description: string; targetAmount: Decimal; targetDate: Date; category: string; priority: string; createdAt: Date; updatedAt: Date; }' is missing the following properties from type '{ name: string; status: GoalStatus; id: string; priority: number; userId: string; createdAt: Date; updatedAt: Date; category: string; description: string | null; targetAmount: Decimal; currentAmount: Decimal; targetDate: Date | null; reminderEnabled: boolean; completedAt: Date | null; }': status, reminderEnabled, completedAt
backend/src/modules/goals/goals.service.spec.ts(292,45): error TS2345: Argument of type '{ id: string; userId: string; name: string; description: string; targetAmount: Decimal; currentAmount: Decimal; targetDate: Date; category: string; priority: string; createdAt: Date; updatedAt: Date; }' is not assignable to parameter of type '{ name: string; status: GoalStatus; id: string; priority: number; userId: string; createdAt: Date; updatedAt: Date; category: string; description: string | null; targetAmount: Decimal; currentAmount: Decimal; targetDate: Date | null; reminderEnabled: boolean; completedAt: Date | null; } | Promise<...> | null'.
  Type '{ id: string; userId: string; name: string; description: string; targetAmount: Decimal; currentAmount: Decimal; targetDate: Date; category: string; priority: string; createdAt: Date; updatedAt: Date; }' is missing the following properties from type '{ name: string; status: GoalStatus; id: string; priority: number; userId: string; createdAt: Date; updatedAt: Date; category: string; description: string | null; targetAmount: Decimal; currentAmount: Decimal; targetDate: Date | null; reminderEnabled: boolean; completedAt: Date | null; }': status, reminderEnabled, completedAt
backend/src/modules/goals/goals.service.spec.ts(293,43): error TS2345: Argument of type '{ currentAmount: Decimal; id: string; userId: string; name: string; description: string; targetAmount: Decimal; targetDate: Date; category: string; priority: string; createdAt: Date; updatedAt: Date; }' is not assignable to parameter of type '{ name: string; status: GoalStatus; id: string; priority: number; userId: string; createdAt: Date; updatedAt: Date; category: string; description: string | null; targetAmount: Decimal; currentAmount: Decimal; targetDate: Date | null; reminderEnabled: boolean; completedAt: Date | null; } | Promise<...>'.
  Type '{ currentAmount: Decimal; id: string; userId: string; name: string; description: string; targetAmount: Decimal; targetDate: Date; category: string; priority: string; createdAt: Date; updatedAt: Date; }' is missing the following properties from type '{ name: string; status: GoalStatus; id: string; priority: number; userId: string; createdAt: Date; updatedAt: Date; category: string; description: string | null; targetAmount: Decimal; currentAmount: Decimal; targetDate: Date | null; reminderEnabled: boolean; completedAt: Date | null; }': status, reminderEnabled, completedAt
backend/src/modules/goals/goals.service.spec.ts(314,45): error TS2345: Argument of type '{ id: string; userId: string; name: string; description: string; targetAmount: Decimal; currentAmount: Decimal; targetDate: Date; category: string; priority: string; createdAt: Date; updatedAt: Date; }' is not assignable to parameter of type '{ name: string; status: GoalStatus; id: string; priority: number; userId: string; createdAt: Date; updatedAt: Date; category: string; description: string | null; targetAmount: Decimal; currentAmount: Decimal; targetDate: Date | null; reminderEnabled: boolean; completedAt: Date | null; } | Promise<...> | null'.
  Type '{ id: string; userId: string; name: string; description: string; targetAmount: Decimal; currentAmount: Decimal; targetDate: Date; category: string; priority: string; createdAt: Date; updatedAt: Date; }' is missing the following properties from type '{ name: string; status: GoalStatus; id: string; priority: number; userId: string; createdAt: Date; updatedAt: Date; category: string; description: string | null; targetAmount: Decimal; currentAmount: Decimal; targetDate: Date | null; reminderEnabled: boolean; completedAt: Date | null; }': status, reminderEnabled, completedAt
backend/src/modules/goals/goals.service.spec.ts(327,45): error TS2345: Argument of type '{ targetAmount: Decimal; id: string; userId: string; name: string; description: string; currentAmount: Decimal; targetDate: Date; category: string; priority: string; createdAt: Date; updatedAt: Date; }' is not assignable to parameter of type '{ name: string; status: GoalStatus; id: string; priority: number; userId: string; createdAt: Date; updatedAt: Date; category: string; description: string | null; targetAmount: Decimal; currentAmount: Decimal; targetDate: Date | null; reminderEnabled: boolean; completedAt: Date | null; } | Promise<...> | null'.
  Type '{ targetAmount: Decimal; id: string; userId: string; name: string; description: string; currentAmount: Decimal; targetDate: Date; category: string; priority: string; createdAt: Date; updatedAt: Date; }' is missing the following properties from type '{ name: string; status: GoalStatus; id: string; priority: number; userId: string; createdAt: Date; updatedAt: Date; category: string; description: string | null; targetAmount: Decimal; currentAmount: Decimal; targetDate: Date | null; reminderEnabled: boolean; completedAt: Date | null; }': status, reminderEnabled, completedAt
backend/src/modules/goals/goals.service.spec.ts(335,45): error TS2345: Argument of type '{ id: string; userId: string; name: string; description: string; targetAmount: Decimal; currentAmount: Decimal; targetDate: Date; category: string; priority: string; createdAt: Date; updatedAt: Date; }' is not assignable to parameter of type '{ name: string; status: GoalStatus; id: string; priority: number; userId: string; createdAt: Date; updatedAt: Date; category: string; description: string | null; targetAmount: Decimal; currentAmount: Decimal; targetDate: Date | null; reminderEnabled: boolean; completedAt: Date | null; } | Promise<...> | null'.
  Type '{ id: string; userId: string; name: string; description: string; targetAmount: Decimal; currentAmount: Decimal; targetDate: Date; category: string; priority: string; createdAt: Date; updatedAt: Date; }' is missing the following properties from type '{ name: string; status: GoalStatus; id: string; priority: number; userId: string; createdAt: Date; updatedAt: Date; category: string; description: string | null; targetAmount: Decimal; currentAmount: Decimal; targetDate: Date | null; reminderEnabled: boolean; completedAt: Date | null; }': status, reminderEnabled, completedAt
backend/src/modules/goals/goals.service.spec.ts(348,45): error TS2345: Argument of type '{ currentAmount: Decimal; id: string; userId: string; name: string; description: string; targetAmount: Decimal; targetDate: Date; category: string; priority: string; createdAt: Date; updatedAt: Date; }' is not assignable to parameter of type '{ name: string; status: GoalStatus; id: string; priority: number; userId: string; createdAt: Date; updatedAt: Date; category: string; description: string | null; targetAmount: Decimal; currentAmount: Decimal; targetDate: Date | null; reminderEnabled: boolean; completedAt: Date | null; } | Promise<...> | null'.
  Type '{ currentAmount: Decimal; id: string; userId: string; name: string; description: string; targetAmount: Decimal; targetDate: Date; category: string; priority: string; createdAt: Date; updatedAt: Date; }' is missing the following properties from type '{ name: string; status: GoalStatus; id: string; priority: number; userId: string; createdAt: Date; updatedAt: Date; category: string; description: string | null; targetAmount: Decimal; currentAmount: Decimal; targetDate: Date | null; reminderEnabled: boolean; completedAt: Date | null; }': status, reminderEnabled, completedAt
backend/src/modules/goals/goals.service.spec.ts(362,45): error TS2345: Argument of type '{ createdAt: Date; currentAmount: Decimal; id: string; userId: string; name: string; description: string; targetAmount: Decimal; targetDate: Date; category: string; priority: string; updatedAt: Date; }' is not assignable to parameter of type '{ name: string; status: GoalStatus; id: string; priority: number; userId: string; createdAt: Date; updatedAt: Date; category: string; description: string | null; targetAmount: Decimal; currentAmount: Decimal; targetDate: Date | null; reminderEnabled: boolean; completedAt: Date | null; } | Promise<...> | null'.
  Type '{ createdAt: Date; currentAmount: Decimal; id: string; userId: string; name: string; description: string; targetAmount: Decimal; targetDate: Date; category: string; priority: string; updatedAt: Date; }' is missing the following properties from type '{ name: string; status: GoalStatus; id: string; priority: number; userId: string; createdAt: Date; updatedAt: Date; category: string; description: string | null; targetAmount: Decimal; currentAmount: Decimal; targetDate: Date | null; reminderEnabled: boolean; completedAt: Date | null; }': status, reminderEnabled, completedAt
backend/src/modules/notifications/notifications.service.spec.ts(73,43): error TS2345: Argument of type '{ id: string; userId: string; title: string; message: string; type: string; link: string; read: boolean; createdAt: Date; updatedAt: Date; }' is not assignable to parameter of type '{ message: string; type: NotificationType; status: NotificationStatus; id: string; priority: number; userId: string; createdAt: Date; metadata: JsonValue; ... 4 more ...; archivedAt: Date | null; } | Promise<...>'.
  Type '{ id: string; userId: string; title: string; message: string; type: string; link: string; read: boolean; createdAt: Date; updatedAt: Date; }' is missing the following properties from type '{ message: string; type: NotificationType; status: NotificationStatus; id: string; priority: number; userId: string; createdAt: Date; metadata: JsonValue; ... 4 more ...; archivedAt: Date | null; }': status, priority, metadata, actionUrl, and 3 more.
backend/src/modules/notifications/notifications.service.spec.ts(99,43): error TS2345: Argument of type '{ id: string; userId: string; title: string; message: string; type: string; link: string; read: boolean; createdAt: Date; updatedAt: Date; }' is not assignable to parameter of type '{ message: string; type: NotificationType; status: NotificationStatus; id: string; priority: number; userId: string; createdAt: Date; metadata: JsonValue; ... 4 more ...; archivedAt: Date | null; } | Promise<...>'.
  Type '{ id: string; userId: string; title: string; message: string; type: string; link: string; read: boolean; createdAt: Date; updatedAt: Date; }' is missing the following properties from type '{ message: string; type: NotificationType; status: NotificationStatus; id: string; priority: number; userId: string; createdAt: Date; metadata: JsonValue; ... 4 more ...; archivedAt: Date | null; }': status, priority, metadata, actionUrl, and 3 more.
backend/src/modules/notifications/notifications.service.spec.ts(119,44): error TS2345: Argument of type '{ id: string; userId: string; title: string; message: string; type: string; link: string; read: boolean; createdAt: Date; updatedAt: Date; }[]' is not assignable to parameter of type '{ message: string; type: NotificationType; status: NotificationStatus; id: string; priority: number; userId: string; createdAt: Date; metadata: JsonValue; ... 4 more ...; archivedAt: Date | null; }[] | Promise<...>'.
  Type '{ id: string; userId: string; title: string; message: string; type: string; link: string; read: boolean; createdAt: Date; updatedAt: Date; }[]' is not assignable to type '{ message: string; type: NotificationType; status: NotificationStatus; id: string; priority: number; userId: string; createdAt: Date; metadata: JsonValue; ... 4 more ...; archivedAt: Date | null; }[]'.
    Type '{ id: string; userId: string; title: string; message: string; type: string; link: string; read: boolean; createdAt: Date; updatedAt: Date; }' is missing the following properties from type '{ message: string; type: NotificationType; status: NotificationStatus; id: string; priority: number; userId: string; createdAt: Date; metadata: JsonValue; ... 4 more ...; archivedAt: Date | null; }': status, priority, metadata, actionUrl, and 3 more.
backend/src/modules/notifications/notifications.service.spec.ts(151,45): error TS2345: Argument of type '{ id: string; userId: string; title: string; message: string; type: string; link: string; read: boolean; createdAt: Date; updatedAt: Date; }' is not assignable to parameter of type '{ message: string; type: NotificationType; status: NotificationStatus; id: string; priority: number; userId: string; createdAt: Date; metadata: JsonValue; ... 4 more ...; archivedAt: Date | null; } | Promise<...> | null'.
  Type '{ id: string; userId: string; title: string; message: string; type: string; link: string; read: boolean; createdAt: Date; updatedAt: Date; }' is missing the following properties from type '{ message: string; type: NotificationType; status: NotificationStatus; id: string; priority: number; userId: string; createdAt: Date; metadata: JsonValue; ... 4 more ...; archivedAt: Date | null; }': status, priority, metadata, actionUrl, and 3 more.
backend/src/modules/notifications/notifications.service.spec.ts(152,43): error TS2345: Argument of type '{ read: boolean; id: string; userId: string; title: string; message: string; type: string; link: string; createdAt: Date; updatedAt: Date; }' is not assignable to parameter of type '{ message: string; type: NotificationType; status: NotificationStatus; id: string; priority: number; userId: string; createdAt: Date; metadata: JsonValue; ... 4 more ...; archivedAt: Date | null; } | Promise<...>'.
  Type '{ read: boolean; id: string; userId: string; title: string; message: string; type: string; link: string; createdAt: Date; updatedAt: Date; }' is missing the following properties from type '{ message: string; type: NotificationType; status: NotificationStatus; id: string; priority: number; userId: string; createdAt: Date; metadata: JsonValue; ... 4 more ...; archivedAt: Date | null; }': status, priority, metadata, actionUrl, and 3 more.
backend/src/modules/notifications/notifications.service.spec.ts(187,45): error TS2345: Argument of type '{ id: string; userId: string; title: string; message: string; type: string; link: string; read: boolean; createdAt: Date; updatedAt: Date; }' is not assignable to parameter of type '{ message: string; type: NotificationType; status: NotificationStatus; id: string; priority: number; userId: string; createdAt: Date; metadata: JsonValue; ... 4 more ...; archivedAt: Date | null; } | Promise<...> | null'.
  Type '{ id: string; userId: string; title: string; message: string; type: string; link: string; read: boolean; createdAt: Date; updatedAt: Date; }' is missing the following properties from type '{ message: string; type: NotificationType; status: NotificationStatus; id: string; priority: number; userId: string; createdAt: Date; metadata: JsonValue; ... 4 more ...; archivedAt: Date | null; }': status, priority, metadata, actionUrl, and 3 more.
backend/src/modules/notifications/notifications.service.spec.ts(188,43): error TS2345: Argument of type 'undefined' is not assignable to parameter of type '{ message: string; type: NotificationType; status: NotificationStatus; id: string; priority: number; userId: string; createdAt: Date; metadata: JsonValue; ... 4 more ...; archivedAt: Date | null; } | Promise<...>'.
backend/src/modules/notifications/notifications.service.spec.ts(213,43): error TS2345: Argument of type '{ id: string; userId: string; title: string; message: string; type: string; link: string; read: boolean; createdAt: Date; updatedAt: Date; }' is not assignable to parameter of type '{ message: string; type: NotificationType; status: NotificationStatus; id: string; priority: number; userId: string; createdAt: Date; metadata: JsonValue; ... 4 more ...; archivedAt: Date | null; } | Promise<...>'.
  Type '{ id: string; userId: string; title: string; message: string; type: string; link: string; read: boolean; createdAt: Date; updatedAt: Date; }' is missing the following properties from type '{ message: string; type: NotificationType; status: NotificationStatus; id: string; priority: number; userId: string; createdAt: Date; metadata: JsonValue; ... 4 more ...; archivedAt: Date | null; }': status, priority, metadata, actionUrl, and 3 more.
backend/src/modules/notifications/notifications.service.spec.ts(242,43): error TS2345: Argument of type '{ id: string; userId: string; title: string; message: string; type: string; link: string; read: boolean; createdAt: Date; updatedAt: Date; }' is not assignable to parameter of type '{ message: string; type: NotificationType; status: NotificationStatus; id: string; priority: number; userId: string; createdAt: Date; metadata: JsonValue; ... 4 more ...; archivedAt: Date | null; } | Promise<...>'.
  Type '{ id: string; userId: string; title: string; message: string; type: string; link: string; read: boolean; createdAt: Date; updatedAt: Date; }' is missing the following properties from type '{ message: string; type: NotificationType; status: NotificationStatus; id: string; priority: number; userId: string; createdAt: Date; metadata: JsonValue; ... 4 more ...; archivedAt: Date | null; }': status, priority, metadata, actionUrl, and 3 more.
backend/src/modules/notifications/notifications.service.spec.ts(247,26): error TS2532: Object is possibly 'undefined'.
backend/src/modules/notifications/notifications.service.spec.ts(259,43): error TS2345: Argument of type '{ id: string; userId: string; title: string; message: string; type: string; link: string; read: boolean; createdAt: Date; updatedAt: Date; }' is not assignable to parameter of type '{ message: string; type: NotificationType; status: NotificationStatus; id: string; priority: number; userId: string; createdAt: Date; metadata: JsonValue; ... 4 more ...; archivedAt: Date | null; } | Promise<...>'.
  Type '{ id: string; userId: string; title: string; message: string; type: string; link: string; read: boolean; createdAt: Date; updatedAt: Date; }' is missing the following properties from type '{ message: string; type: NotificationType; status: NotificationStatus; id: string; priority: number; userId: string; createdAt: Date; metadata: JsonValue; ... 4 more ...; archivedAt: Date | null; }': status, priority, metadata, actionUrl, and 3 more.
backend/src/modules/notifications/notifications.service.spec.ts(288,43): error TS2345: Argument of type '{ id: string; userId: string; title: string; message: string; type: string; link: string; read: boolean; createdAt: Date; updatedAt: Date; }' is not assignable to parameter of type '{ message: string; type: NotificationType; status: NotificationStatus; id: string; priority: number; userId: string; createdAt: Date; metadata: JsonValue; ... 4 more ...; archivedAt: Date | null; } | Promise<...>'.
  Type '{ id: string; userId: string; title: string; message: string; type: string; link: string; read: boolean; createdAt: Date; updatedAt: Date; }' is missing the following properties from type '{ message: string; type: NotificationType; status: NotificationStatus; id: string; priority: number; userId: string; createdAt: Date; metadata: JsonValue; ... 4 more ...; archivedAt: Date | null; }': status, priority, metadata, actionUrl, and 3 more.
backend/src/modules/notifications/notifications.service.spec.ts(293,26): error TS2532: Object is possibly 'undefined'.
backend/src/modules/recurring/processors/recurring.processor.ts(49,73): error TS18046: 'error' is of type 'unknown'.
backend/src/modules/recurring/processors/recurring.processor.ts(56,69): error TS18046: 'error' is of type 'unknown'.
backend/src/modules/recurring/recurring.service.spec.ts(66,43): error TS2345: Argument of type '{ id: string; userId: string; description: string; amount: Decimal; frequency: string; category: string; type: string; startDate: Date; endDate: null; nextDate: Date; isActive: boolean; createdAt: Date; updatedAt: Date; }' is not assignable to parameter of type '{ type: TransactionType; id: string; userId: string; createdAt: Date; updatedAt: Date; amount: Decimal; category: string; description: string | null; ... 6 more ...; lastGenerated: Date | null; } | Promise<...>'.
  Type '{ id: string; userId: string; description: string; amount: Decimal; frequency: string; category: string; type: string; startDate: Date; endDate: null; nextDate: Date; isActive: boolean; createdAt: Date; updatedAt: Date; }' is missing the following properties from type '{ type: TransactionType; id: string; userId: string; createdAt: Date; updatedAt: Date; amount: Decimal; category: string; description: string | null; ... 6 more ...; lastGenerated: Date | null; }': notes, lastGenerated
backend/src/modules/recurring/recurring.service.spec.ts(68,55): error TS2345: Argument of type '{ description: string; amount: number; frequency: string; category: string; type: string; startDate: Date; }' is not assignable to parameter of type 'CreateRecurringDto'.
  Types of property 'frequency' are incompatible.
    Type 'string' is not assignable to type 'RecurringFrequency'.
backend/src/modules/recurring/recurring.service.spec.ts(95,43): error TS2345: Argument of type '{ id: string; userId: string; description: string; amount: Decimal; frequency: string; category: string; type: string; startDate: Date; endDate: null; nextDate: Date; isActive: boolean; createdAt: Date; updatedAt: Date; }' is not assignable to parameter of type '{ type: TransactionType; id: string; userId: string; createdAt: Date; updatedAt: Date; amount: Decimal; category: string; description: string | null; ... 6 more ...; lastGenerated: Date | null; } | Promise<...>'.
  Type '{ id: string; userId: string; description: string; amount: Decimal; frequency: string; category: string; type: string; startDate: Date; endDate: null; nextDate: Date; isActive: boolean; createdAt: Date; updatedAt: Date; }' is missing the following properties from type '{ type: TransactionType; id: string; userId: string; createdAt: Date; updatedAt: Date; amount: Decimal; category: string; description: string | null; ... 6 more ...; lastGenerated: Date | null; }': notes, lastGenerated
backend/src/modules/recurring/recurring.service.spec.ts(97,40): error TS2345: Argument of type '{ description: string; amount: number; frequency: string; category: string; type: string; startDate: Date; }' is not assignable to parameter of type 'CreateRecurringDto'.
  Types of property 'frequency' are incompatible.
    Type 'string' is not assignable to type 'RecurringFrequency'.
backend/src/modules/recurring/recurring.service.spec.ts(99,26): error TS2532: Object is possibly 'undefined'.
backend/src/modules/recurring/recurring.service.spec.ts(115,43): error TS2345: Argument of type '{ id: string; userId: string; description: string; amount: Decimal; frequency: string; category: string; type: string; startDate: Date; endDate: null; nextDate: Date; isActive: boolean; createdAt: Date; updatedAt: Date; }' is not assignable to parameter of type '{ type: TransactionType; id: string; userId: string; createdAt: Date; updatedAt: Date; amount: Decimal; category: string; description: string | null; ... 6 more ...; lastGenerated: Date | null; } | Promise<...>'.
  Type '{ id: string; userId: string; description: string; amount: Decimal; frequency: string; category: string; type: string; startDate: Date; endDate: null; nextDate: Date; isActive: boolean; createdAt: Date; updatedAt: Date; }' is missing the following properties from type '{ type: TransactionType; id: string; userId: string; createdAt: Date; updatedAt: Date; amount: Decimal; category: string; description: string | null; ... 6 more ...; lastGenerated: Date | null; }': notes, lastGenerated
backend/src/modules/recurring/recurring.service.spec.ts(117,40): error TS2345: Argument of type '{ description: string; amount: number; frequency: string; category: string; type: string; startDate: Date; }' is not assignable to parameter of type 'CreateRecurringDto'.
  Types of property 'frequency' are incompatible.
    Type 'string' is not assignable to type 'RecurringFrequency'.
backend/src/modules/recurring/recurring.service.spec.ts(119,26): error TS2532: Object is possibly 'undefined'.
backend/src/modules/recurring/recurring.service.spec.ts(135,43): error TS2345: Argument of type '{ id: string; userId: string; description: string; amount: Decimal; frequency: string; category: string; type: string; startDate: Date; endDate: null; nextDate: Date; isActive: boolean; createdAt: Date; updatedAt: Date; }' is not assignable to parameter of type '{ type: TransactionType; id: string; userId: string; createdAt: Date; updatedAt: Date; amount: Decimal; category: string; description: string | null; ... 6 more ...; lastGenerated: Date | null; } | Promise<...>'.
  Type '{ id: string; userId: string; description: string; amount: Decimal; frequency: string; category: string; type: string; startDate: Date; endDate: null; nextDate: Date; isActive: boolean; createdAt: Date; updatedAt: Date; }' is missing the following properties from type '{ type: TransactionType; id: string; userId: string; createdAt: Date; updatedAt: Date; amount: Decimal; category: string; description: string | null; ... 6 more ...; lastGenerated: Date | null; }': notes, lastGenerated
backend/src/modules/recurring/recurring.service.spec.ts(137,40): error TS2345: Argument of type '{ description: string; amount: number; frequency: string; category: string; type: string; startDate: Date; }' is not assignable to parameter of type 'CreateRecurringDto'.
  Types of property 'frequency' are incompatible.
    Type 'string' is not assignable to type 'RecurringFrequency'.
backend/src/modules/recurring/recurring.service.spec.ts(139,26): error TS2532: Object is possibly 'undefined'.
backend/src/modules/recurring/recurring.service.spec.ts(149,44): error TS2345: Argument of type '{ id: string; userId: string; description: string; amount: Decimal; frequency: string; category: string; type: string; startDate: Date; endDate: null; nextDate: Date; isActive: boolean; createdAt: Date; updatedAt: Date; }[]' is not assignable to parameter of type '{ type: TransactionType; id: string; userId: string; createdAt: Date; updatedAt: Date; amount: Decimal; category: string; description: string | null; ... 6 more ...; lastGenerated: Date | null; }[] | Promise<...>'.
  Type '{ id: string; userId: string; description: string; amount: Decimal; frequency: string; category: string; type: string; startDate: Date; endDate: null; nextDate: Date; isActive: boolean; createdAt: Date; updatedAt: Date; }[]' is not assignable to type '{ type: TransactionType; id: string; userId: string; createdAt: Date; updatedAt: Date; amount: Decimal; category: string; description: string | null; ... 6 more ...; lastGenerated: Date | null; }[]'.
    Type '{ id: string; userId: string; description: string; amount: Decimal; frequency: string; category: string; type: string; startDate: Date; endDate: null; nextDate: Date; isActive: boolean; createdAt: Date; updatedAt: Date; }' is missing the following properties from type '{ type: TransactionType; id: string; userId: string; createdAt: Date; updatedAt: Date; amount: Decimal; category: string; description: string | null; ... 6 more ...; lastGenerated: Date | null; }': notes, lastGenerated
backend/src/modules/recurring/recurring.service.spec.ts(168,45): error TS2345: Argument of type '{ id: string; userId: string; description: string; amount: Decimal; frequency: string; category: string; type: string; startDate: Date; endDate: null; nextDate: Date; isActive: boolean; createdAt: Date; updatedAt: Date; }' is not assignable to parameter of type '{ type: TransactionType; id: string; userId: string; createdAt: Date; updatedAt: Date; amount: Decimal; category: string; description: string | null; ... 6 more ...; lastGenerated: Date | null; } | Promise<...> | null'.
  Type '{ id: string; userId: string; description: string; amount: Decimal; frequency: string; category: string; type: string; startDate: Date; endDate: null; nextDate: Date; isActive: boolean; createdAt: Date; updatedAt: Date; }' is missing the following properties from type '{ type: TransactionType; id: string; userId: string; createdAt: Date; updatedAt: Date; amount: Decimal; category: string; description: string | null; ... 6 more ...; lastGenerated: Date | null; }': notes, lastGenerated
backend/src/modules/recurring/recurring.service.spec.ts(201,45): error TS2345: Argument of type '{ id: string; userId: string; description: string; amount: Decimal; frequency: string; category: string; type: string; startDate: Date; endDate: null; nextDate: Date; isActive: boolean; createdAt: Date; updatedAt: Date; }' is not assignable to parameter of type '{ type: TransactionType; id: string; userId: string; createdAt: Date; updatedAt: Date; amount: Decimal; category: string; description: string | null; ... 6 more ...; lastGenerated: Date | null; } | Promise<...> | null'.
  Type '{ id: string; userId: string; description: string; amount: Decimal; frequency: string; category: string; type: string; startDate: Date; endDate: null; nextDate: Date; isActive: boolean; createdAt: Date; updatedAt: Date; }' is missing the following properties from type '{ type: TransactionType; id: string; userId: string; createdAt: Date; updatedAt: Date; amount: Decimal; category: string; description: string | null; ... 6 more ...; lastGenerated: Date | null; }': notes, lastGenerated
backend/src/modules/recurring/recurring.service.spec.ts(202,43): error TS2345: Argument of type '{ description: string; amount: Decimal; id: string; userId: string; frequency: string; category: string; type: string; startDate: Date; endDate: null; nextDate: Date; isActive: boolean; createdAt: Date; updatedAt: Date; }' is not assignable to parameter of type '{ type: TransactionType; id: string; userId: string; createdAt: Date; updatedAt: Date; amount: Decimal; category: string; description: string | null; ... 6 more ...; lastGenerated: Date | null; } | Promise<...>'.
  Type '{ description: string; amount: Decimal; id: string; userId: string; frequency: string; category: string; type: string; startDate: Date; endDate: null; nextDate: Date; isActive: boolean; createdAt: Date; updatedAt: Date; }' is missing the following properties from type '{ type: TransactionType; id: string; userId: string; createdAt: Date; updatedAt: Date; amount: Decimal; category: string; description: string | null; ... 6 more ...; lastGenerated: Date | null; }': notes, lastGenerated
backend/src/modules/recurring/recurring.service.spec.ts(229,45): error TS2345: Argument of type '{ id: string; userId: string; description: string; amount: Decimal; frequency: string; category: string; type: string; startDate: Date; endDate: null; nextDate: Date; isActive: boolean; createdAt: Date; updatedAt: Date; }' is not assignable to parameter of type '{ type: TransactionType; id: string; userId: string; createdAt: Date; updatedAt: Date; amount: Decimal; category: string; description: string | null; ... 6 more ...; lastGenerated: Date | null; } | Promise<...> | null'.
  Type '{ id: string; userId: string; description: string; amount: Decimal; frequency: string; category: string; type: string; startDate: Date; endDate: null; nextDate: Date; isActive: boolean; createdAt: Date; updatedAt: Date; }' is missing the following properties from type '{ type: TransactionType; id: string; userId: string; createdAt: Date; updatedAt: Date; amount: Decimal; category: string; description: string | null; ... 6 more ...; lastGenerated: Date | null; }': notes, lastGenerated
backend/src/modules/recurring/recurring.service.spec.ts(230,43): error TS2345: Argument of type 'undefined' is not assignable to parameter of type '{ type: TransactionType; id: string; userId: string; createdAt: Date; updatedAt: Date; amount: Decimal; category: string; description: string | null; ... 6 more ...; lastGenerated: Date | null; } | Promise<...>'.
backend/src/modules/recurring/recurring.service.spec.ts(255,45): error TS2345: Argument of type '{ id: string; userId: string; description: string; amount: Decimal; frequency: string; category: string; type: string; startDate: Date; endDate: null; nextDate: Date; isActive: boolean; createdAt: Date; updatedAt: Date; }' is not assignable to parameter of type '{ type: TransactionType; id: string; userId: string; createdAt: Date; updatedAt: Date; amount: Decimal; category: string; description: string | null; ... 6 more ...; lastGenerated: Date | null; } | Promise<...> | null'.
  Type '{ id: string; userId: string; description: string; amount: Decimal; frequency: string; category: string; type: string; startDate: Date; endDate: null; nextDate: Date; isActive: boolean; createdAt: Date; updatedAt: Date; }' is missing the following properties from type '{ type: TransactionType; id: string; userId: string; createdAt: Date; updatedAt: Date; amount: Decimal; category: string; description: string | null; ... 6 more ...; lastGenerated: Date | null; }': notes, lastGenerated
backend/src/modules/recurring/recurring.service.spec.ts(256,43): error TS2345: Argument of type '{ nextDate: Date; id: string; userId: string; description: string; amount: Decimal; frequency: string; category: string; type: string; startDate: Date; endDate: null; isActive: boolean; createdAt: Date; updatedAt: Date; }' is not assignable to parameter of type '{ type: TransactionType; id: string; userId: string; createdAt: Date; updatedAt: Date; amount: Decimal; category: string; description: string | null; ... 6 more ...; lastGenerated: Date | null; } | Promise<...>'.
  Type '{ nextDate: Date; id: string; userId: string; description: string; amount: Decimal; frequency: string; category: string; type: string; startDate: Date; endDate: null; isActive: boolean; createdAt: Date; updatedAt: Date; }' is missing the following properties from type '{ type: TransactionType; id: string; userId: string; createdAt: Date; updatedAt: Date; amount: Decimal; category: string; description: string | null; ... 6 more ...; lastGenerated: Date | null; }': notes, lastGenerated
backend/src/modules/recurring/recurring.service.spec.ts(291,43): error TS2345: Argument of type '{ id: string; userId: string; description: string; amount: Decimal; frequency: string; category: string; type: string; startDate: Date; endDate: null; nextDate: Date; isActive: boolean; createdAt: Date; updatedAt: Date; }' is not assignable to parameter of type '{ type: TransactionType; id: string; userId: string; createdAt: Date; updatedAt: Date; amount: Decimal; category: string; description: string | null; ... 6 more ...; lastGenerated: Date | null; } | Promise<...>'.
  Type '{ id: string; userId: string; description: string; amount: Decimal; frequency: string; category: string; type: string; startDate: Date; endDate: null; nextDate: Date; isActive: boolean; createdAt: Date; updatedAt: Date; }' is missing the following properties from type '{ type: TransactionType; id: string; userId: string; createdAt: Date; updatedAt: Date; amount: Decimal; category: string; description: string | null; ... 6 more ...; lastGenerated: Date | null; }': notes, lastGenerated
backend/src/modules/recurring/recurring.service.spec.ts(293,40): error TS2345: Argument of type '{ description: string; amount: number; frequency: string; category: string; type: string; startDate: Date; }' is not assignable to parameter of type 'CreateRecurringDto'.
  Types of property 'frequency' are incompatible.
    Type 'string' is not assignable to type 'RecurringFrequency'.
backend/src/modules/recurring/recurring.service.spec.ts(295,26): error TS2532: Object is possibly 'undefined'.
backend/src/modules/recurring/recurring.service.spec.ts(310,43): error TS2345: Argument of type '{ id: string; userId: string; description: string; amount: Decimal; frequency: string; category: string; type: string; startDate: Date; endDate: null; nextDate: Date; isActive: boolean; createdAt: Date; updatedAt: Date; }' is not assignable to parameter of type '{ type: TransactionType; id: string; userId: string; createdAt: Date; updatedAt: Date; amount: Decimal; category: string; description: string | null; ... 6 more ...; lastGenerated: Date | null; } | Promise<...>'.
  Type '{ id: string; userId: string; description: string; amount: Decimal; frequency: string; category: string; type: string; startDate: Date; endDate: null; nextDate: Date; isActive: boolean; createdAt: Date; updatedAt: Date; }' is missing the following properties from type '{ type: TransactionType; id: string; userId: string; createdAt: Date; updatedAt: Date; amount: Decimal; category: string; description: string | null; ... 6 more ...; lastGenerated: Date | null; }': notes, lastGenerated
backend/src/modules/recurring/recurring.service.spec.ts(312,40): error TS2345: Argument of type '{ description: string; amount: number; frequency: string; category: string; type: string; startDate: Date; }' is not assignable to parameter of type 'CreateRecurringDto'.
  Types of property 'frequency' are incompatible.
    Type 'string' is not assignable to type 'RecurringFrequency'.
backend/src/modules/recurring/recurring.service.spec.ts(314,26): error TS2532: Object is possibly 'undefined'.
backend/src/modules/recurring/recurring.service.spec.ts(329,43): error TS2345: Argument of type '{ id: string; userId: string; description: string; amount: Decimal; frequency: string; category: string; type: string; startDate: Date; endDate: null; nextDate: Date; isActive: boolean; createdAt: Date; updatedAt: Date; }' is not assignable to parameter of type '{ type: TransactionType; id: string; userId: string; createdAt: Date; updatedAt: Date; amount: Decimal; category: string; description: string | null; ... 6 more ...; lastGenerated: Date | null; } | Promise<...>'.
  Type '{ id: string; userId: string; description: string; amount: Decimal; frequency: string; category: string; type: string; startDate: Date; endDate: null; nextDate: Date; isActive: boolean; createdAt: Date; updatedAt: Date; }' is missing the following properties from type '{ type: TransactionType; id: string; userId: string; createdAt: Date; updatedAt: Date; amount: Decimal; category: string; description: string | null; ... 6 more ...; lastGenerated: Date | null; }': notes, lastGenerated
backend/src/modules/recurring/recurring.service.spec.ts(331,40): error TS2345: Argument of type '{ description: string; amount: number; frequency: string; category: string; type: string; startDate: Date; }' is not assignable to parameter of type 'CreateRecurringDto'.
  Types of property 'frequency' are incompatible.
    Type 'string' is not assignable to type 'RecurringFrequency'.
backend/src/modules/recurring/recurring.service.spec.ts(333,26): error TS2532: Object is possibly 'undefined'.
backend/src/modules/transactions/transactions.service.spec.ts(106,43): error TS2345: Argument of type '{ description: undefined; notes: undefined; amount: number; type: "INCOME"; category: string; date: Date; id: string; userId: string; createdAt: Date; updatedAt: Date; deletedAt: null; }' is not assignable to parameter of type '{ type: TransactionType; id: string; userId: string; createdAt: Date; updatedAt: Date; amount: Decimal; category: string; description: string | null; notes: string | null; date: Date; deletedAt: Date | null; } | Promise<...>'.
  Type '{ description: undefined; notes: undefined; amount: number; type: "INCOME"; category: string; date: Date; id: string; userId: string; createdAt: Date; updatedAt: Date; deletedAt: null; }' is not assignable to type '{ type: TransactionType; id: string; userId: string; createdAt: Date; updatedAt: Date; amount: Decimal; category: string; description: string | null; notes: string | null; date: Date; deletedAt: Date | null; }'.
    Types of property 'amount' are incompatible.
      Type 'number' is not assignable to type 'Decimal'.
backend/src/modules/transactions/transactions.service.spec.ts(127,18): error TS2339: Property 'findAll' does not exist on type 'Mocked<TransactionsRepository>'.
backend/src/modules/transactions/transactions.service.spec.ts(142,25): error TS2339: Property 'findAll' does not exist on type 'Mocked<TransactionsRepository>'.
backend/src/modules/transactions/transactions.service.spec.ts(156,18): error TS2339: Property 'findAll' does not exist on type 'Mocked<TransactionsRepository>'.
backend/src/modules/transactions/transactions.service.spec.ts(167,18): error TS2339: Property 'findAll' does not exist on type 'Mocked<TransactionsRepository>'.
backend/src/modules/transactions/transactions.service.spec.ts(172,25): error TS2339: Property 'findAll' does not exist on type 'Mocked<TransactionsRepository>'.
backend/src/modules/transactions/transactions.service.spec.ts(219,43): error TS2345: Argument of type '{ amount: number; category: string; description: string; id: string; userId: string; type: "EXPENSE"; notes: string; date: Date; createdAt: Date; updatedAt: Date; deletedAt: null; }' is not assignable to parameter of type '{ type: TransactionType; id: string; userId: string; createdAt: Date; updatedAt: Date; amount: Decimal; category: string; description: string | null; notes: string | null; date: Date; deletedAt: Date | null; } | Promise<...>'.
  Type '{ amount: number; category: string; description: string; id: string; userId: string; type: "EXPENSE"; notes: string; date: Date; createdAt: Date; updatedAt: Date; deletedAt: null; }' is not assignable to type '{ type: TransactionType; id: string; userId: string; createdAt: Date; updatedAt: Date; amount: Decimal; category: string; description: string | null; notes: string | null; date: Date; deletedAt: Date | null; }'.
    Types of property 'amount' are incompatible.
      Type 'number' is not assignable to type 'Decimal'.
backend/src/modules/transactions/transactions.service.spec.ts(257,36): error TS2339: Property 'delete' does not exist on type 'TransactionsService'.
backend/src/modules/transactions/transactions.service.spec.ts(266,28): error TS2339: Property 'delete' does not exist on type 'TransactionsService'.
backend/src/modules/transactions/transactions.service.spec.ts(275,28): error TS2339: Property 'delete' does not exist on type 'TransactionsService'.
backend/src/modules/transactions/transactions.service.spec.ts(295,18): error TS2339: Property 'getStatistics' does not exist on type 'Mocked<TransactionsRepository>'.
backend/src/modules/transactions/transactions.service.spec.ts(297,36): error TS2339: Property 'getStatistics' does not exist on type 'TransactionsService'.
backend/src/modules/transactions/transactions.service.spec.ts(303,25): error TS2339: Property 'getStatistics' does not exist on type 'Mocked<TransactionsRepository>'.
backend/src/modules/transactions/transactions.service.spec.ts(320,18): error TS2339: Property 'getStatistics' does not exist on type 'Mocked<TransactionsRepository>'.
backend/src/modules/transactions/transactions.service.spec.ts(322,36): error TS2339: Property 'getStatistics' does not exist on type 'TransactionsService'.
backend/src/modules/transactions/transactions.service.spec.ts(332,18): error TS2339: Property 'exportToCSV' does not exist on type 'Mocked<TransactionsRepository>'.
backend/src/modules/transactions/transactions.service.spec.ts(334,36): error TS2551: Property 'exportCSV' does not exist on type 'TransactionsService'. Did you mean 'exportToCsv'?
backend/src/modules/transactions/transactions.service.spec.ts(337,25): error TS2339: Property 'exportToCSV' does not exist on type 'Mocked<TransactionsRepository>'.
backend/src/modules/transactions/transactions.service.spec.ts(343,18): error TS2339: Property 'exportToCSV' does not exist on type 'Mocked<TransactionsRepository>'.
backend/src/modules/transactions/transactions.service.spec.ts(345,36): error TS2551: Property 'exportCSV' does not exist on type 'TransactionsService'. Did you mean 'exportToCsv'?
backend/src/modules/transactions/transactions.service.spec.ts(374,18): error TS2339: Property 'bulkCreate' does not exist on type 'Mocked<TransactionsRepository>'.
backend/src/modules/transactions/transactions.service.spec.ts(379,25): error TS2339: Property 'bulkCreate' does not exist on type 'Mocked<TransactionsRepository>'.
backend/src/modules/transactions/transactions.service.spec.ts(383,18): error TS2339: Property 'bulkCreate' does not exist on type 'Mocked<TransactionsRepository>'.
